
> medplum-eligibility-demo@5.1.21 build
> npm run build:bots && tsc && vite build


> medplum-eligibility-demo@5.1.21 build:bots
> npm run clean && tsc && node --no-warnings esbuild-script.mjs && tsx src/scripts/deploy-bots.ts


> medplum-eligibility-demo@5.1.21 clean
> rimraf dist data/example/example-bots.json

Build completed successfully!
[36mvite v8.0.16 [32mbuilding client environment for production...[36m[39m
[2Ktransforming...✓ 6964 modules transformed.
rendering chunks...
computing gzip size...
dist/index.html                     0.54 kB │ gzip:   0.34 kB
dist/assets/index-IeF3z7PC.css    235.53 kB │ gzip:  34.56 kB
dist/assets/index-C9ZLxEfb.js   1,142.52 kB │ gzip: 336.80 kB

[33m[plugin builtin:vite-reporter] 
(!) Some chunks are larger than 500 kB after minification. Consider:
- Using dynamic import() to code-split the application
- Use build.rolldownOptions.output.codeSplitting to improve chunking: https://rolldown.rs/reference/OutputOptions.codeSplitting
- Adjust chunk size limit for this warning via build.chunkSizeWarningLimit.[39m
[32m✓ built in 6.79s[39m
